Standby was selected for 10.427 seconds
Draw was selected for 6.294 seconds
Erase was selected for 4.158 seconds
Line was selected for 0.665 seconds
Line was selected for 0.494 seconds
Line was selected for 0.532 seconds
Line was selected for 0.533 seconds
Line was selected for 2.319 seconds
Rectangle was selected for 0.487 seconds
Rectangle was selected for 0.412 seconds
Rectangle was selected for 0.516 seconds
Rectangle was selected for 0.409 seconds
Rectangle was selected for 0.437 seconds
Rectangle was selected for 0.436 seconds
Rectangle was selected for 0.449 seconds
Rectangle was selected for 0.448 seconds
Rectangle was selected for 0.421 seconds
Rectangle was selected for 2.556 seconds
Copy was selected for 2.629 seconds
Move was selected for 5.285 seconds
